# JRE version: Java(TM) SE Runtime Environment (8.0_271-b09) (build 1.8.0_271-b09)
# Java VM: Java HotSpot(TM) 64-Bit Server VM (25.271-b09 mixed mode bsd-amd64 compressed oops)
Heap:
 PSYoungGen      total 219648K, used 68582K [0x00000007b0000000, 0x00000007c0000000, 0x00000007c0000000)
  eden space 176640K, 26% used [0x00000007b0000000,0x00000007b2cf5508,0x00000007bac80000)
  from space 43008K, 52% used [0x00000007bd600000,0x00000007bec045e0,0x00000007c0000000)
  to   space 42496K, 0% used [0x00000007bac80000,0x00000007bac80000,0x00000007bd600000)
 ParOldGen       total 524288K, used 81316K [0x0000000790000000, 0x00000007b0000000, 0x00000007b0000000)
  object space 524288K, 15% used [0x0000000790000000,0x0000000794f69358,0x00000007b0000000)
 Metaspace       used 69013K, capacity 70624K, committed 70744K, reserved 1110016K
  class space    used 9361K, capacity 9778K, committed 9856K, reserved 1048576K
GC Heap History (10 events):
Event: 12.864 GC heap before
{Heap before GC invocations=23 (full 3):
 PSYoungGen      total 213504K, used 176128K [0x00000007b0000000, 0x00000007c0000000, 0x00000007c0000000)
  eden space 176128K, 100% used [0x00000007b0000000,0x00000007bac00000,0x00000007bac00000)
  from space 37376K, 0% used [0x00000007bac00000,0x00000007bac00000,0x00000007bd080000)
  to   space 47104K, 0% used [0x00000007bd200000,0x00000007bd200000,0x00000007c0000000)
 ParOldGen       total 524288K, used 81276K [0x0000000790000000, 0x00000007b0000000, 0x00000007b0000000)
  object space 524288K, 15% used [0x0000000790000000,0x0000000794f5f358,0x00000007b0000000)
 Metaspace       used 60859K, capacity 62110K, committed 62552K, reserved 1103872K
  class space    used 8348K, capacity 8709K, committed 8832K, reserved 1048576K
Event: 12.868 GC heap after
Heap after GC invocations=23 (full 3):
 PSYoungGen      total 214016K, used 3353K [0x00000007b0000000, 0x00000007c0000000, 0x00000007c0000000)
  eden space 166912K, 0% used [0x00000007b0000000,0x00000007b0000000,0x00000007ba300000)
  from space 47104K, 7% used [0x00000007bd200000,0x00000007bd546708,0x00000007c0000000)
  to   space 47616K, 0% used [0x00000007ba300000,0x00000007ba300000,0x00000007bd180000)
 ParOldGen       total 524288K, used 81284K [0x0000000790000000, 0x00000007b0000000, 0x00000007b0000000)
  object space 524288K, 15% used [0x0000000790000000,0x0000000794f61358,0x00000007b0000000)
 Metaspace       used 60859K, capacity 62110K, committed 62552K, reserved 1103872K
  class space    used 8348K, capacity 8709K, committed 8832K, reserved 1048576K
}
Event: 238.829 GC heap before
{Heap before GC invocations=24 (full 3):
 PSYoungGen      total 214016K, used 170265K [0x00000007b0000000, 0x00000007c0000000, 0x00000007c0000000)
  eden space 166912K, 100% used [0x00000007b0000000,0x00000007ba300000,0x00000007ba300000)
  from space 47104K, 7% used [0x00000007bd200000,0x00000007bd546708,0x00000007c0000000)
  to   space 47616K, 0% used [0x00000007ba300000,0x00000007ba300000,0x00000007bd180000)
 ParOldGen       total 524288K, used 81284K [0x0000000790000000, 0x00000007b0000000, 0x00000007b0000000)
  object space 524288K, 15% used [0x0000000790000000,0x0000000794f61358,0x00000007b0000000)
 Metaspace       used 64164K, capacity 65538K, committed 65752K, reserved 1105920K
  class space    used 8774K, capacity 9173K, committed 9216K, reserved 1048576K
Event: 238.836 GC heap after
Heap after GC invocations=24 (full 3):
 PSYoungGen      total 214528K, used 9519K [0x00000007b0000000, 0x00000007c0000000, 0x00000007c0000000)
  eden space 166912K, 0% used [0x00000007b0000000,0x00000007b0000000,0x00000007ba300000)
  from space 47616K, 19% used [0x00000007ba300000,0x00000007bac4bdd8,0x00000007bd180000)
  to   space 46592K, 0% used [0x00000007bd280000,0x00000007bd280000,0x00000007c0000000)
 ParOldGen       total 524288K, used 81292K [0x0000000790000000, 0x00000007b0000000, 0x00000007b0000000)
  object space 524288K, 15% used [0x0000000790000000,0x0000000794f63358,0x00000007b0000000)
 Metaspace       used 64164K, capacity 65538K, committed 65752K, reserved 1105920K
  class space    used 8774K, capacity 9173K, committed 9216K, reserved 1048576K
}
Event: 239.310 GC heap before
{Heap before GC invocations=25 (full 3):
 PSYoungGen      total 214528K, used 176431K [0x00000007b0000000, 0x00000007c0000000, 0x00000007c0000000)
  eden space 166912K, 100% used [0x00000007b0000000,0x00000007ba300000,0x00000007ba300000)
  from space 47616K, 19% used [0x00000007ba300000,0x00000007bac4bdd8,0x00000007bd180000)
  to   space 46592K, 0% used [0x00000007bd280000,0x00000007bd280000,0x00000007c0000000)
 ParOldGen       total 524288K, used 81292K [0x0000000790000000, 0x00000007b0000000, 0x00000007b0000000)
  object space 524288K, 15% used [0x0000000790000000,0x0000000794f63358,0x00000007b0000000)
 Metaspace       used 65693K, capacity 67042K, committed 67160K, reserved 1107968K
  class space    used 8947K, capacity 9333K, committed 9344K, reserved 1048576K
Event: 239.317 GC heap after
Heap after GC invocations=25 (full 3):
 PSYoungGen      total 216576K, used 9304K [0x00000007b0000000, 0x00000007c0000000, 0x00000007c0000000)
  eden space 169984K, 0% used [0x00000007b0000000,0x00000007b0000000,0x00000007ba600000)
  from space 46592K, 19% used [0x00000007bd280000,0x00000007bdb96040,0x00000007c0000000)
  to   space 45568K, 0% used [0x00000007ba600000,0x00000007ba600000,0x00000007bd280000)
 ParOldGen       total 524288K, used 81300K [0x0000000790000000, 0x00000007b0000000, 0x00000007b0000000)
  object space 524288K, 15% used [0x0000000790000000,0x0000000794f65358,0x00000007b0000000)
 Metaspace       used 65693K, capacity 67042K, committed 67160K, reserved 1107968K
  class space    used 8947K, capacity 9333K, committed 9344K, reserved 1048576K
}
Event: 904.329 GC heap before
{Heap before GC invocations=26 (full 3):
 PSYoungGen      total 216576K, used 179288K [0x00000007b0000000, 0x00000007c0000000, 0x00000007c0000000)
  eden space 169984K, 100% used [0x00000007b0000000,0x00000007ba600000,0x00000007ba600000)
  from space 46592K, 19% used [0x00000007bd280000,0x00000007bdb96040,0x00000007c0000000)
  to   space 45568K, 0% used [0x00000007ba600000,0x00000007ba600000,0x00000007bd280000)
 ParOldGen       total 524288K, used 81300K [0x0000000790000000, 0x00000007b0000000, 0x00000007b0000000)
  object space 524288K, 15% used [0x0000000790000000,0x0000000794f65358,0x00000007b0000000)
 Metaspace       used 67801K, capacity 69352K, committed 69592K, reserved 1110016K
  class space    used 9245K, capacity 9653K, committed 9728K, reserved 1048576K
Event: 904.358 GC heap after
Heap after GC invocations=26 (full 3):
 PSYoungGen      total 215552K, used 18570K [0x00000007b0000000, 0x00000007c0000000, 0x00000007c0000000)
  eden space 169984K, 0% used [0x00000007b0000000,0x00000007b0000000,0x00000007ba600000)
  from space 45568K, 40% used [0x00000007ba600000,0x00000007bb822968,0x00000007bd280000)
  to   space 43008K, 0% used [0x00000007bd600000,0x00000007bd600000,0x00000007c0000000)
 ParOldGen       total 524288K, used 81308K [0x0000000790000000, 0x00000007b0000000, 0x00000007b0000000)
  object space 524288K, 15% used [0x0000000790000000,0x0000000794f67358,0x00000007b0000000)
 Metaspace       used 67801K, capacity 69352K, committed 69592K, reserved 1110016K
  class space    used 9245K, capacity 9653K, committed 9728K, reserved 1048576K
}
Event: 943.876 GC heap before
{Heap before GC invocations=27 (full 3):
 PSYoungGen      total 215552K, used 188554K [0x00000007b0000000, 0x00000007c0000000, 0x00000007c0000000)
  eden space 169984K, 100% used [0x00000007b0000000,0x00000007ba600000,0x00000007ba600000)
  from space 45568K, 40% used [0x00000007ba600000,0x00000007bb822968,0x00000007bd280000)
  to   space 43008K, 0% used [0x00000007bd600000,0x00000007bd600000,0x00000007c0000000)
 ParOldGen       total 524288K, used 81308K [0x0000000790000000, 0x00000007b0000000, 0x00000007b0000000)
  object space 524288K, 15% used [0x0000000790000000,0x0000000794f67358,0x00000007b0000000)
 Metaspace       used 68874K, capacity 70506K, committed 70744K, reserved 1110016K
  class space    used 9347K, capacity 9769K, committed 9856K, reserved 1048576K
Event: 943.888 GC heap after
Heap after GC invocations=27 (full 3):
 PSYoungGen      total 219648K, used 22545K [0x00000007b0000000, 0x00000007c0000000, 0x00000007c0000000)
  eden space 176640K, 0% used [0x00000007b0000000,0x00000007b0000000,0x00000007bac80000)
  from space 43008K, 52% used [0x00000007bd600000,0x00000007bec045e0,0x00000007c0000000)
  to   space 42496K, 0% used [0x00000007bac80000,0x00000007bac80000,0x00000007bd600000)
 ParOldGen       total 524288K, used 81316K [0x0000000790000000, 0x00000007b0000000, 0x00000007b0000000)
  object space 524288K, 15% used [0x0000000790000000,0x0000000794f69358,0x00000007b0000000)
 Metaspace       used 68874K, capacity 70506K, committed 70744K, reserved 1110016K
  class space    used 9347K, capacity 9769K, committed 9856K, reserved 1048576K
}

